[www.nastysoulmusic.com/index.html]
[static.parastorage.com/client/pfavico.ico]
[static.parastorage.com/unpkg/core-js-bundle@3.2.1/minified.js]
[static.parastorage.com/unpkg/focus-within-polyfill@5.0.9/dist/focus-within-polyfill.js]
[backblue.gif]
[fade.gif]
[index.html]
[polyfill.io/v3/polyfill.mind82c.js]
[www.nastysoulmusic.com/blog-feed.xml]
[static.wixstatic.com/media/c0716c_211dd7892bc348ecbf8cf5624fbc89e8_mv2.png/v1/fill/w_96,h_50,al_c,q_85,usm_0.66_1.00_0.01,blur_2,enc_auto/c0716c_211dd7892bc348ecbf8cf5624fbc89e8_mv2.png]
[static.wixstatic.com/media/c0716c_325771ad39fd4e5195f9d937090a1794_mv2.jpg/v1/fill/w_147,h_98,al_c,q_80,usm_0.66_1.00_0.01,blur_2,enc_auto/c0716c_325771ad39fd4e5195f9d937090a1794_mv2.jpg]
[static.wixstatic.com/media/c0716c_78f7439fce774d87a00cb0565ece81c0_mv2.png/v1/fill/w_52,h_37,al_c,q_85,usm_0.66_1.00_0.01,blur_2,enc_auto/jam series PACKAGE.png]
[static.wixstatic.com/media/c0716c_af40059e84614a8d8c7a51a5c3710fc3_mv2.png/v1/fill/w_20,h_17,al_c,q_85,usm_0.66_1.00_0.01,blur_3,enc_auto/c0716c_af40059e84614a8d8c7a51a5c3710fc3_mv2.png]
[static.wixstatic.com/media/c0716c_af40059e84614a8d8c7a51a5c3710fc3_mv2.png/v1/fill/w_17,h_14,al_c,q_85,usm_0.66_1.00_0.01,blur_3,enc_auto/kindpng_564994.png]
[static.wixstatic.com/media/c0716c_161dbc5608a441eb8b6f626d627ed1c6_mv2.png/v1/fill/w_60,h_42,al_c,q_85,usm_0.66_1.00_0.01,blur_2,enc_auto/c0716c_161dbc5608a441eb8b6f626d627ed1c6_mv2.png]
[static.wixstatic.com/media/c0716c_e43a10950f154a5aa5550cd19d7fe78f_mv2.png/v1/fill/w_60,h_42,al_c,q_85,usm_0.66_1.00_0.01,blur_2,enc_auto/funk masterclass.png]
[static.wixstatic.com/media/c0716c_545e0541a0c249d0b33da2647a0c810b_mv2.png/v1/fill/w_60,h_42,al_c,q_85,usm_0.66_1.00_0.01,blur_2,enc_auto/doubel stopLICK PACKAGE.png]
[static.wixstatic.com/media/c0716c_29cbb73801a44ad09cebd5526079f446_mv2.png/v1/fill/w_60,h_42,al_c,q_85,usm_0.66_1.00_0.01,blur_2,enc_auto/MISCH COURSE.png]
[static.wixstatic.com/media/c0716c_7fca9d716a424e00aca4e7ea587569cd_mv2.png/v1/fill/w_60,h_42,al_c,q_85,usm_0.66_1.00_0.01,blur_2,enc_auto/arp PACKAGE.png]
[browser.sentry-cdn.com/6.18.2/bundle.min.js]
[www.nastysoulmusic.com/sitemap.13.delayed]
[www.nastysoulmusic.com/feed.14.delayed]
[www.nastysoulmusic.com/${n.15.delayed]
[static.parastorage.com/services/wix-thunderbolt/dist/thunderbolt-commons.1f86e978.bundle.min.js]
[static.parastorage.com/services/wix-thunderbolt/dist/main.197ea5a0.bundle.min.js]
[static.parastorage.com/unpkg/lodash@4.17.21/lodash.min.js]
[static.parastorage.com/unpkg/react@16.14.0/umd/react.production.min.js]
[static.parastorage.com/unpkg/react-dom@16.14.0/umd/react-dom.production.min.js]
[www.nastysoulmusic.com/decodeURIComponent(e.1b.delayed]
[static.parastorage.com/services/tag-manager-client/1.820.0/siteTags.bundle.min.js]
[www.nastysoulmusic.com/index.html]
[www.nastysoulmusic.com/${n.html]
[www.nastysoulmusic.com/decodeURIComponent(e.html]
[static.parastorage.com/services/wix-perf-measure/1.1095.0/wix-perf-measure.umd.min.js]
[www.nastysoulmusic.com/blog-feed.xml]
[static.parastorage.com/services/third-party/fonts/user-site-fonts/fonts/d1b1e866-a411-42ba-8f75-72bf28e23694.svg]
[static.parastorage.com/services/third-party/fonts/user-site-fonts/fonts/9f774d17-c03a-418e-a375-34f3beecbc7a.svg]
[static.parastorage.com/services/third-party/fonts/user-site-fonts/fonts/58ae9be9-5d95-44b6-8b6c-e6da6a46822c.svg]
[www.nastysoulmusic.com/sitemap.html]
[www.nastysoulmusic.com/feed.html]
[www.nastysoulmusic.com/decodeURIComponent(e.html]
